0 info it worked if it ends with ok
1 verbose cli [ 'node', '/usr/local/bin/npm', 'install' ]
2 info using npm@1.4.28
3 info using node@v0.10.32
4 warn package.json simple-express-static-server@0.0.1 No README data
5 verbose readDependencies using package.json deps
6 verbose install where, deps [ '/Users/klhdnb/Webstuff/entoto-arch',
6 verbose install   [ 'express', 'body-parser', 'errorhandler', 'method-override' ] ]
7 info preinstall simple-express-static-server@0.0.1
8 verbose readDependencies using package.json deps
9 verbose cache add [ 'express@^4.1.2', null ]
10 verbose cache add name=undefined spec="express@^4.1.2" args=["express@^4.1.2",null]
11 verbose parsed url { protocol: null,
11 verbose parsed url   slashes: null,
11 verbose parsed url   auth: null,
11 verbose parsed url   host: null,
11 verbose parsed url   port: null,
11 verbose parsed url   hostname: null,
11 verbose parsed url   hash: null,
11 verbose parsed url   search: null,
11 verbose parsed url   query: null,
11 verbose parsed url   pathname: 'express@^4.1.2',
11 verbose parsed url   path: 'express@^4.1.2',
11 verbose parsed url   href: 'express@^4.1.2' }
12 verbose cache add [ 'body-parser@^1.1.2', null ]
13 verbose cache add name=undefined spec="body-parser@^1.1.2" args=["body-parser@^1.1.2",null]
14 verbose parsed url { protocol: null,
14 verbose parsed url   slashes: null,
14 verbose parsed url   auth: null,
14 verbose parsed url   host: null,
14 verbose parsed url   port: null,
14 verbose parsed url   hostname: null,
14 verbose parsed url   hash: null,
14 verbose parsed url   search: null,
14 verbose parsed url   query: null,
14 verbose parsed url   pathname: 'body-parser@^1.1.2',
14 verbose parsed url   path: 'body-parser@^1.1.2',
14 verbose parsed url   href: 'body-parser@^1.1.2' }
15 verbose cache add [ 'errorhandler@^1.0.1', null ]
16 verbose cache add name=undefined spec="errorhandler@^1.0.1" args=["errorhandler@^1.0.1",null]
17 verbose parsed url { protocol: null,
17 verbose parsed url   slashes: null,
17 verbose parsed url   auth: null,
17 verbose parsed url   host: null,
17 verbose parsed url   port: null,
17 verbose parsed url   hostname: null,
17 verbose parsed url   hash: null,
17 verbose parsed url   search: null,
17 verbose parsed url   query: null,
17 verbose parsed url   pathname: 'errorhandler@^1.0.1',
17 verbose parsed url   path: 'errorhandler@^1.0.1',
17 verbose parsed url   href: 'errorhandler@^1.0.1' }
18 verbose cache add [ 'method-override@^1.0.0', null ]
19 verbose cache add name=undefined spec="method-override@^1.0.0" args=["method-override@^1.0.0",null]
20 verbose parsed url { protocol: null,
20 verbose parsed url   slashes: null,
20 verbose parsed url   auth: null,
20 verbose parsed url   host: null,
20 verbose parsed url   port: null,
20 verbose parsed url   hostname: null,
20 verbose parsed url   hash: null,
20 verbose parsed url   search: null,
20 verbose parsed url   query: null,
20 verbose parsed url   pathname: 'method-override@^1.0.0',
20 verbose parsed url   path: 'method-override@^1.0.0',
20 verbose parsed url   href: 'method-override@^1.0.0' }
21 verbose cache add name="express" spec="^4.1.2" args=["express","^4.1.2"]
22 verbose parsed url { protocol: null,
22 verbose parsed url   slashes: null,
22 verbose parsed url   auth: null,
22 verbose parsed url   host: null,
22 verbose parsed url   port: null,
22 verbose parsed url   hostname: null,
22 verbose parsed url   hash: null,
22 verbose parsed url   search: null,
22 verbose parsed url   query: null,
22 verbose parsed url   pathname: '^4.1.2',
22 verbose parsed url   path: '^4.1.2',
22 verbose parsed url   href: '^4.1.2' }
23 verbose addNamed [ 'express', '^4.1.2' ]
24 verbose addNamed [ null, '>=4.1.2-0 <5.0.0-0' ]
25 verbose cache add name="body-parser" spec="^1.1.2" args=["body-parser","^1.1.2"]
26 verbose parsed url { protocol: null,
26 verbose parsed url   slashes: null,
26 verbose parsed url   auth: null,
26 verbose parsed url   host: null,
26 verbose parsed url   port: null,
26 verbose parsed url   hostname: null,
26 verbose parsed url   hash: null,
26 verbose parsed url   search: null,
26 verbose parsed url   query: null,
26 verbose parsed url   pathname: '^1.1.2',
26 verbose parsed url   path: '^1.1.2',
26 verbose parsed url   href: '^1.1.2' }
27 verbose addNamed [ 'body-parser', '^1.1.2' ]
28 verbose addNamed [ null, '>=1.1.2-0 <2.0.0-0' ]
29 verbose cache add name="errorhandler" spec="^1.0.1" args=["errorhandler","^1.0.1"]
30 verbose parsed url { protocol: null,
30 verbose parsed url   slashes: null,
30 verbose parsed url   auth: null,
30 verbose parsed url   host: null,
30 verbose parsed url   port: null,
30 verbose parsed url   hostname: null,
30 verbose parsed url   hash: null,
30 verbose parsed url   search: null,
30 verbose parsed url   query: null,
30 verbose parsed url   pathname: '^1.0.1',
30 verbose parsed url   path: '^1.0.1',
30 verbose parsed url   href: '^1.0.1' }
31 verbose addNamed [ 'errorhandler', '^1.0.1' ]
32 verbose addNamed [ null, '>=1.0.1-0 <2.0.0-0' ]
33 verbose cache add name="method-override" spec="^1.0.0" args=["method-override","^1.0.0"]
34 verbose parsed url { protocol: null,
34 verbose parsed url   slashes: null,
34 verbose parsed url   auth: null,
34 verbose parsed url   host: null,
34 verbose parsed url   port: null,
34 verbose parsed url   hostname: null,
34 verbose parsed url   hash: null,
34 verbose parsed url   search: null,
34 verbose parsed url   query: null,
34 verbose parsed url   pathname: '^1.0.0',
34 verbose parsed url   path: '^1.0.0',
34 verbose parsed url   href: '^1.0.0' }
35 verbose addNamed [ 'method-override', '^1.0.0' ]
36 verbose addNamed [ null, '>=1.0.0-0 <2.0.0-0' ]
37 silly lockFile bfa28d4a-express-4-1-2 express@^4.1.2
38 verbose lock express@^4.1.2 /Users/klhdnb/.npm/bfa28d4a-express-4-1-2.lock
39 silly lockFile c89604a8-body-parser-1-1-2 body-parser@^1.1.2
40 verbose lock body-parser@^1.1.2 /Users/klhdnb/.npm/c89604a8-body-parser-1-1-2.lock
41 silly lockFile 286dff0b-errorhandler-1-0-1 errorhandler@^1.0.1
42 verbose lock errorhandler@^1.0.1 /Users/klhdnb/.npm/286dff0b-errorhandler-1-0-1.lock
43 silly lockFile 8e11df7c-method-override-1-0-0 method-override@^1.0.0
44 verbose lock method-override@^1.0.0 /Users/klhdnb/.npm/8e11df7c-method-override-1-0-0.lock
45 silly addNameRange { name: 'express', range: '>=4.1.2-0 <5.0.0-0', hasData: false }
46 silly addNameRange { name: 'body-parser',
46 silly addNameRange   range: '>=1.1.2-0 <2.0.0-0',
46 silly addNameRange   hasData: false }
47 silly addNameRange { name: 'method-override',
47 silly addNameRange   range: '>=1.0.0-0 <2.0.0-0',
47 silly addNameRange   hasData: false }
48 silly addNameRange { name: 'errorhandler',
48 silly addNameRange   range: '>=1.0.1-0 <2.0.0-0',
48 silly addNameRange   hasData: false }
49 verbose request where is /method-override
50 verbose request registry https://registry.npmjs.org/
51 verbose request id 9af8ae4e265f2c4f
52 verbose url raw /method-override
53 verbose url resolving [ 'https://registry.npmjs.org/', './method-override' ]
54 verbose url resolved https://registry.npmjs.org/method-override
55 verbose request where is https://registry.npmjs.org/method-override
56 info trying registry request attempt 1 at 18:04:54
57 verbose etag "B0R40GMGO249KHYLRK97MIZUI"
58 http GET https://registry.npmjs.org/method-override
59 verbose request where is /body-parser
60 verbose request registry https://registry.npmjs.org/
61 verbose url raw /body-parser
62 verbose url resolving [ 'https://registry.npmjs.org/', './body-parser' ]
63 verbose url resolved https://registry.npmjs.org/body-parser
64 verbose request where is https://registry.npmjs.org/body-parser
65 info trying registry request attempt 1 at 18:04:54
66 verbose etag "8N8TB9DH42SNVBLQ4I625KHI9"
67 http GET https://registry.npmjs.org/body-parser
68 verbose request where is /errorhandler
69 verbose request registry https://registry.npmjs.org/
70 verbose url raw /errorhandler
71 verbose url resolving [ 'https://registry.npmjs.org/', './errorhandler' ]
72 verbose url resolved https://registry.npmjs.org/errorhandler
73 verbose request where is https://registry.npmjs.org/errorhandler
74 info trying registry request attempt 1 at 18:04:54
75 verbose etag "8OMILRR7LKS3NSD4595ZFCPCF"
76 http GET https://registry.npmjs.org/errorhandler
77 verbose request where is /express
78 verbose request registry https://registry.npmjs.org/
79 verbose url raw /express
80 verbose url resolving [ 'https://registry.npmjs.org/', './express' ]
81 verbose url resolved https://registry.npmjs.org/express
82 verbose request where is https://registry.npmjs.org/express
83 info trying registry request attempt 1 at 18:04:54
84 verbose etag "17SQU5SLDGKRYCV2EQ33XLAFM"
85 http GET https://registry.npmjs.org/express
86 http 200 https://registry.npmjs.org/errorhandler
87 silly registry.get cb [ 200,
87 silly registry.get   { date: 'Sat, 06 Dec 2014 00:03:08 GMT',
87 silly registry.get     server: 'CouchDB/1.5.0 (Erlang OTP/R16B03)',
87 silly registry.get     etag: '"AWUXIJKRD4L4ZNFU0QKHWPO40"',
87 silly registry.get     'content-type': 'application/json',
87 silly registry.get     'cache-control': 'max-age=60',
87 silly registry.get     'content-length': '20370',
87 silly registry.get     'accept-ranges': 'bytes',
87 silly registry.get     via: '1.1 varnish',
87 silly registry.get     age: '0',
87 silly registry.get     'x-served-by': 'cache-dfw1835-DFW',
87 silly registry.get     'x-cache': 'HIT',
87 silly registry.get     'x-cache-hits': '1',
87 silly registry.get     'x-timer': 'S1417824188.695548,VS0,VE157',
87 silly registry.get     vary: 'Accept',
87 silly registry.get     'keep-alive': 'timeout=10, max=50',
87 silly registry.get     connection: 'Keep-Alive' } ]
88 silly addNameRange number 2 { name: 'errorhandler',
88 silly addNameRange   range: '>=1.0.1-0 <2.0.0-0',
88 silly addNameRange   hasData: true }
89 silly addNameRange versions [ 'errorhandler',
89 silly addNameRange   [ '1.0.0',
89 silly addNameRange     '1.0.1',
89 silly addNameRange     '1.0.2',
89 silly addNameRange     '1.1.0',
89 silly addNameRange     '1.1.1',
89 silly addNameRange     '1.2.0',
89 silly addNameRange     '1.2.1',
89 silly addNameRange     '1.2.2',
89 silly addNameRange     '1.2.3',
89 silly addNameRange     '1.3.0' ] ]
90 verbose addNamed [ 'errorhandler', '1.3.0' ]
91 verbose addNamed [ '1.3.0', '1.3.0' ]
92 silly lockFile 0a78e6c5-errorhandler-1-3-0 errorhandler@1.3.0
93 verbose lock errorhandler@1.3.0 /Users/klhdnb/.npm/0a78e6c5-errorhandler-1-3-0.lock
94 silly lockFile fb154c4e-orhandler-errorhandler-1-3-0-tgz https://registry.npmjs.org/errorhandler/-/errorhandler-1.3.0.tgz
95 verbose lock https://registry.npmjs.org/errorhandler/-/errorhandler-1.3.0.tgz /Users/klhdnb/.npm/fb154c4e-orhandler-errorhandler-1-3-0-tgz.lock
96 verbose addRemoteTarball [ 'https://registry.npmjs.org/errorhandler/-/errorhandler-1.3.0.tgz',
96 verbose addRemoteTarball   'bd1b03287845f1098589c399d91b802ed216b2b9' ]
97 info retry fetch attempt 1 at 18:04:55
98 verbose fetch to= /var/folders/3_/17sgr23145j2mql275z8x2ph0000gn/T/npm-2946-qrxPHBj3/registry.npmjs.org/errorhandler/-/errorhandler-1.3.0.tgz
99 http GET https://registry.npmjs.org/errorhandler/-/errorhandler-1.3.0.tgz
100 http 200 https://registry.npmjs.org/errorhandler/-/errorhandler-1.3.0.tgz
101 silly lockFile fb154c4e-orhandler-errorhandler-1-3-0-tgz https://registry.npmjs.org/errorhandler/-/errorhandler-1.3.0.tgz
102 silly lockFile fb154c4e-orhandler-errorhandler-1-3-0-tgz https://registry.npmjs.org/errorhandler/-/errorhandler-1.3.0.tgz
103 silly lockFile 0a78e6c5-errorhandler-1-3-0 errorhandler@1.3.0
104 silly lockFile 0a78e6c5-errorhandler-1-3-0 errorhandler@1.3.0
105 silly lockFile 286dff0b-errorhandler-1-0-1 errorhandler@^1.0.1
106 silly lockFile 286dff0b-errorhandler-1-0-1 errorhandler@^1.0.1
107 http 200 https://registry.npmjs.org/method-override
108 silly registry.get cb [ 200,
108 silly registry.get   { date: 'Sat, 06 Dec 2014 00:03:08 GMT',
108 silly registry.get     server: 'CouchDB/1.5.0 (Erlang OTP/R16B03)',
108 silly registry.get     etag: '"ARSLRG3HPV6L40NZ27OSUG5GE"',
108 silly registry.get     'content-type': 'application/json',
108 silly registry.get     'cache-control': 'max-age=60',
108 silly registry.get     'content-length': '27197',
108 silly registry.get     'accept-ranges': 'bytes',
108 silly registry.get     via: '1.1 varnish',
108 silly registry.get     age: '0',
108 silly registry.get     'x-served-by': 'cache-dfw1825-DFW',
108 silly registry.get     'x-cache': 'HIT',
108 silly registry.get     'x-cache-hits': '1',
108 silly registry.get     'x-timer': 'S1417824188.703889,VS0,VE259',
108 silly registry.get     vary: 'Accept',
108 silly registry.get     'keep-alive': 'timeout=10, max=50',
108 silly registry.get     connection: 'Keep-Alive' } ]
109 silly addNameRange number 2 { name: 'method-override',
109 silly addNameRange   range: '>=1.0.0-0 <2.0.0-0',
109 silly addNameRange   hasData: true }
110 silly addNameRange versions [ 'method-override',
110 silly addNameRange   [ '1.0.0',
110 silly addNameRange     '1.0.1',
110 silly addNameRange     '1.0.2',
110 silly addNameRange     '2.0.0',
110 silly addNameRange     '2.0.1',
110 silly addNameRange     '2.0.2',
110 silly addNameRange     '2.1.0',
110 silly addNameRange     '2.1.1',
110 silly addNameRange     '2.1.2',
110 silly addNameRange     '2.1.3',
110 silly addNameRange     '2.2.0',
110 silly addNameRange     '2.3.0' ] ]
111 verbose addNamed [ 'method-override', '1.0.2' ]
112 verbose addNamed [ '1.0.2', '1.0.2' ]
113 silly lockFile 23338e91-method-override-1-0-2 method-override@1.0.2
114 verbose lock method-override@1.0.2 /Users/klhdnb/.npm/23338e91-method-override-1-0-2.lock
115 silly lockFile 746df826-erride-method-override-1-0-2-tgz https://registry.npmjs.org/method-override/-/method-override-1.0.2.tgz
116 verbose lock https://registry.npmjs.org/method-override/-/method-override-1.0.2.tgz /Users/klhdnb/.npm/746df826-erride-method-override-1-0-2-tgz.lock
117 verbose addRemoteTarball [ 'https://registry.npmjs.org/method-override/-/method-override-1.0.2.tgz',
117 verbose addRemoteTarball   'd6f80275db23a23380028c9215b97470be01d689' ]
118 info retry fetch attempt 1 at 18:04:55
119 verbose fetch to= /var/folders/3_/17sgr23145j2mql275z8x2ph0000gn/T/npm-2946-qrxPHBj3/registry.npmjs.org/method-override/-/method-override-1.0.2.tgz
120 http GET https://registry.npmjs.org/method-override/-/method-override-1.0.2.tgz
121 http 200 https://registry.npmjs.org/express
122 silly registry.get cb [ 200,
122 silly registry.get   { date: 'Sat, 06 Dec 2014 00:03:08 GMT',
122 silly registry.get     server: 'CouchDB/1.5.0 (Erlang OTP/R16B03)',
122 silly registry.get     etag: '"2UTCQ4C2D3G6TRYPQ526AEDIG"',
122 silly registry.get     'content-type': 'application/json',
122 silly registry.get     'cache-control': 'max-age=60',
122 silly registry.get     'content-length': '431477',
122 silly registry.get     'accept-ranges': 'bytes',
122 silly registry.get     via: '1.1 varnish',
122 silly registry.get     age: '0',
122 silly registry.get     'x-served-by': 'cache-dfw1829-DFW',
122 silly registry.get     'x-cache': 'HIT',
122 silly registry.get     'x-cache-hits': '1',
122 silly registry.get     'x-timer': 'S1417824188.702738,VS0,VE186',
122 silly registry.get     vary: 'Accept',
122 silly registry.get     'keep-alive': 'timeout=10, max=50',
122 silly registry.get     connection: 'Keep-Alive' } ]
123 http 200 https://registry.npmjs.org/body-parser
124 silly registry.get cb [ 200,
124 silly registry.get   { date: 'Sat, 06 Dec 2014 00:03:08 GMT',
124 silly registry.get     server: 'CouchDB/1.5.0 (Erlang OTP/R14B04)',
124 silly registry.get     etag: '"D50YWX8L0PQWHRVLT5RVLQ2VE"',
124 silly registry.get     'content-type': 'application/json',
124 silly registry.get     'cache-control': 'max-age=60',
124 silly registry.get     'content-length': '75649',
124 silly registry.get     'accept-ranges': 'bytes',
124 silly registry.get     via: '1.1 varnish',
124 silly registry.get     age: '0',
124 silly registry.get     'x-served-by': 'cache-dfw1820-DFW',
124 silly registry.get     'x-cache': 'HIT',
124 silly registry.get     'x-cache-hits': '1',
124 silly registry.get     'x-timer': 'S1417824188.696763,VS0,VE263',
124 silly registry.get     vary: 'Accept',
124 silly registry.get     'keep-alive': 'timeout=10, max=50',
124 silly registry.get     connection: 'Keep-Alive' } ]
125 silly addNameRange number 2 { name: 'express', range: '>=4.1.2-0 <5.0.0-0', hasData: true }
126 silly addNameRange versions [ 'express',
126 silly addNameRange   [ '0.14.0',
126 silly addNameRange     '0.14.1',
126 silly addNameRange     '1.0.0',
126 silly addNameRange     '1.0.1',
126 silly addNameRange     '1.0.2',
126 silly addNameRange     '1.0.3',
126 silly addNameRange     '1.0.4',
126 silly addNameRange     '1.0.5',
126 silly addNameRange     '1.0.6',
126 silly addNameRange     '1.0.7',
126 silly addNameRange     '1.0.8',
126 silly addNameRange     '2.0.0',
126 silly addNameRange     '2.1.0',
126 silly addNameRange     '2.1.1',
126 silly addNameRange     '2.2.0',
126 silly addNameRange     '2.2.1',
126 silly addNameRange     '2.2.2',
126 silly addNameRange     '2.3.0',
126 silly addNameRange     '2.3.1',
126 silly addNameRange     '2.3.2',
126 silly addNameRange     '2.3.3',
126 silly addNameRange     '2.3.4',
126 silly addNameRange     '2.3.5',
126 silly addNameRange     '2.3.6',
126 silly addNameRange     '2.3.7',
126 silly addNameRange     '2.3.8',
126 silly addNameRange     '2.3.9',
126 silly addNameRange     '2.3.10',
126 silly addNameRange     '2.3.11',
126 silly addNameRange     '2.3.12',
126 silly addNameRange     '2.4.0',
126 silly addNameRange     '2.4.1',
126 silly addNameRange     '2.4.2',
126 silly addNameRange     '2.4.3',
126 silly addNameRange     '2.4.4',
126 silly addNameRange     '2.4.5',
126 silly addNameRange     '2.4.6',
126 silly addNameRange     '2.4.7',
126 silly addNameRange     '2.5.0',
126 silly addNameRange     '2.5.1',
126 silly addNameRange     '2.5.2',
126 silly addNameRange     '2.5.3',
126 silly addNameRange     '2.5.4',
126 silly addNameRange     '2.5.5',
126 silly addNameRange     '2.5.6',
126 silly addNameRange     '2.5.7',
126 silly addNameRange     '2.5.8',
126 silly addNameRange     '2.5.9',
126 silly addNameRange     '2.5.10',
126 silly addNameRange     '2.5.11',
126 silly addNameRange     '3.0.0',
126 silly addNameRange     '3.0.1',
126 silly addNameRange     '3.0.2',
126 silly addNameRange     '3.0.3',
126 silly addNameRange     '3.0.4',
126 silly addNameRange     '3.0.5',
126 silly addNameRange     '3.0.6',
126 silly addNameRange     '3.1.0',
126 silly addNameRange     '3.1.1',
126 silly addNameRange     '3.1.2',
126 silly addNameRange     '3.2.0',
126 silly addNameRange     '3.2.1',
126 silly addNameRange     '3.2.2',
126 silly addNameRange     '3.2.3',
126 silly addNameRange     '3.2.4',
126 silly addNameRange     '3.2.5',
126 silly addNameRange     '3.2.6',
126 silly addNameRange     '3.3.0',
126 silly addNameRange     '3.3.1',
126 silly addNameRange     '3.3.2',
126 silly addNameRange     '3.3.3',
126 silly addNameRange     '3.3.4',
126 silly addNameRange     '3.3.5',
126 silly addNameRange     '3.3.6',
126 silly addNameRange     '1.0.0-beta',
126 silly addNameRange     '1.0.0-beta2',
126 silly addNameRange     '1.0.0-rc',
126 silly addNameRange     '1.0.0-rc2',
126 silly addNameRange     '1.0.0-rc3',
126 silly addNameRange     '1.0.0-rc4',
126 silly addNameRange     '2.0.0-beta',
126 silly addNameRange     '2.0.0-beta2',
126 silly addNameRange     '2.0.0-beta3',
126 silly addNameRange     '2.0.0-rc',
126 silly addNameRange     '2.0.0-rc2',
126 silly addNameRange     '2.0.0-rc3',
126 silly addNameRange     '3.0.0-alpha1',
126 silly addNameRange     '3.0.0-alpha2',
126 silly addNameRange     '3.0.0-alpha3',
126 silly addNameRange     '3.0.0-alpha4',
126 silly addNameRange     '3.0.0-alpha5',
126 silly addNameRange     '3.0.0-beta1',
126 silly addNameRange     '3.0.0-beta2',
126 silly addNameRange     '3.0.0-beta3',
126 silly addNameRange     '3.0.0-beta4',
126 silly addNameRange     '3.0.0-beta6',
126 silly addNameRange     '3.0.0-beta7',
126 silly addNameRange     '3.0.0-rc1',
126 silly addNameRange     '3.0.0-rc2',
126 silly addNameRange     '3.0.0-rc3',
126 silly addNameRange     '3.0.0-rc4',
126 silly addNameRange     '3.0.0-rc5',
126 silly addNameRange     '3.3.7',
126 silly addNameRange     '3.3.8',
126 silly addNameRange     '3.4.0',
126 silly addNameRange     '3.4.1',
126 silly addNameRange     '3.4.2',
126 silly addNameRange     '3.4.3',
126 silly addNameRange     '3.4.4',
126 silly addNameRange     '3.4.5',
126 silly addNameRange     '3.4.6',
126 silly addNameRange     '3.4.7',
126 silly addNameRange     '3.4.8',
126 silly addNameRange     '4.0.0-rc1',
126 silly addNameRange     '4.0.0-rc2',
126 silly addNameRange     '3.5.0',
126 silly addNameRange     '4.0.0-rc3',
126 silly addNameRange     '4.0.0-rc4',
126 silly addNameRange     '3.5.1',
126 silly addNameRange     '4.0.0',
126 silly addNameRange     '3.5.2',
126 silly addNameRange     '4.1.0',
126 silly addNameRange     '4.1.1',
126 silly addNameRange     '3.5.3',
126 silly addNameRange     '4.1.2',
126 silly addNameRange     '3.6.0',
126 silly addNameRange     '4.2.0',
126 silly addNameRange     '3.7.0',
126 silly addNameRange     '3.8.0',
126 silly addNameRange     '4.3.0',
126 silly addNameRange     '4.3.1',
126 silly addNameRange     '3.8.1',
126 silly addNameRange     '4.3.2',
126 silly addNameRange     '3.9.0',
126 silly addNameRange     '4.4.0',
126 silly addNameRange     '4.4.1',
126 silly addNameRange     '3.10.0',
126 silly addNameRange     '3.10.1',
126 silly addNameRange     '3.10.2',
126 silly addNameRange     '3.10.3',
126 silly addNameRange     '3.10.4',
126 silly addNameRange     '4.4.2',
126 silly addNameRange     '3.10.5',
126 silly addNameRange     '4.4.3',
126 silly addNameRange     '3.11.0',
126 silly addNameRange     '4.4.4',
126 silly addNameRange     '3.12.0',
126 silly addNameRange     '3.12.1',
126 silly addNameRange     '4.4.5',
126 silly addNameRange     '3.13.0',
126 silly addNameRange     '4.5.0',
126 silly addNameRange     '4.5.1',
126 silly addNameRange     '3.14.0',
126 silly addNameRange     '4.6.0',
126 silly addNameRange     '4.6.1',
126 silly addNameRange     '3.15.0',
126 silly addNameRange     '4.7.0',
126 silly addNameRange     '3.15.1',
126 silly addNameRange     '4.7.1',
126 silly addNameRange     '3.15.2',
126 silly addNameRange     '4.7.2',
126 silly addNameRange     '4.7.3',
126 silly addNameRange     '3.15.3',
126 silly addNameRange     '4.7.4',
126 silly addNameRange     '3.16.0',
126 silly addNameRange     '4.8.0',
126 silly addNameRange     '3.16.1',
126 silly addNameRange     '4.8.1',
126 silly addNameRange     '3.16.2',
126 silly addNameRange     '4.8.2',
126 silly addNameRange     '3.16.3',
126 silly addNameRange     '3.16.4',
126 silly addNameRange     '4.8.3',
126 silly addNameRange     '3.16.5',
126 silly addNameRange     '3.16.6',
126 silly addNameRange     '4.8.4',
126 silly addNameRange     '3.16.7',
126 silly addNameRange     '4.8.5',
126 silly addNameRange     '3.16.8',
126 silly addNameRange     '4.8.6',
126 silly addNameRange     '3.16.9',
126 silly addNameRange     '4.8.7',
126 silly addNameRange     '3.16.10',
126 silly addNameRange     '4.8.8',
126 silly addNameRange     '3.17.0',
126 silly addNameRange     '3.17.1',
126 silly addNameRange     '4.9.0',
126 silly addNameRange     '3.17.2',
126 silly addNameRange     '4.9.1',
126 silly addNameRange     '4.9.2',
126 silly addNameRange     '3.17.3',
126 silly addNameRange     '4.9.3',
126 silly addNameRange     '3.17.4',
126 silly addNameRange     '4.9.4',
126 silly addNameRange     '3.17.5',
126 silly addNameRange     '4.9.5',
126 silly addNameRange     '3.17.6',
126 silly addNameRange     '3.17.7',
126 silly addNameRange     '4.9.6',
126 silly addNameRange     '4.9.7',
126 silly addNameRange     '3.17.8',
126 silly addNameRange     '4.9.8',
126 silly addNameRange     '3.18.0',
126 silly addNameRange     '3.18.1',
126 silly addNameRange     '4.10.0',
126 silly addNameRange     '3.18.2',
126 silly addNameRange     '4.10.1',
126 silly addNameRange     '5.0.0-alpha.1',
126 silly addNameRange     '3.18.3',
126 silly addNameRange     '4.10.2',
126 silly addNameRange     '3.18.4',
126 silly addNameRange     '4.10.3',
126 silly addNameRange     '4.10.4' ] ]
127 verbose addNamed [ 'express', '4.10.4' ]
128 verbose addNamed [ '4.10.4', '4.10.4' ]
129 silly lockFile c05f2c08-express-4-10-4 express@4.10.4
130 verbose lock express@4.10.4 /Users/klhdnb/.npm/c05f2c08-express-4-10-4.lock
131 silly addNameRange number 2 { name: 'body-parser',
131 silly addNameRange   range: '>=1.1.2-0 <2.0.0-0',
131 silly addNameRange   hasData: true }
132 silly addNameRange versions [ 'body-parser',
132 silly addNameRange   [ '1.0.0',
132 silly addNameRange     '1.0.1',
132 silly addNameRange     '1.0.2',
132 silly addNameRange     '1.1.0',
132 silly addNameRange     '1.1.1',
132 silly addNameRange     '1.1.2',
132 silly addNameRange     '1.2.0',
132 silly addNameRange     '1.2.1',
132 silly addNameRange     '1.2.2',
132 silly addNameRange     '1.3.0',
132 silly addNameRange     '1.3.1',
132 silly addNameRange     '1.4.0',
132 silly addNameRange     '1.4.1',
132 silly addNameRange     '1.4.2',
132 silly addNameRange     '1.4.3',
132 silly addNameRange     '1.5.0',
132 silly addNameRange     '1.5.1',
132 silly addNameRange     '1.5.2',
132 silly addNameRange     '1.6.0',
132 silly addNameRange     '1.6.1',
132 silly addNameRange     '1.6.2',
132 silly addNameRange     '1.6.3',
132 silly addNameRange     '1.6.4',
132 silly addNameRange     '1.6.5',
132 silly addNameRange     '1.6.6',
132 silly addNameRange     '1.6.7',
132 silly addNameRange     '1.7.0',
132 silly addNameRange     '1.8.0',
132 silly addNameRange     '1.8.1',
132 silly addNameRange     '1.8.2',
132 silly addNameRange     '1.8.3',
132 silly addNameRange     '1.8.4',
132 silly addNameRange     '1.9.0',
132 silly addNameRange     '1.9.1',
132 silly addNameRange     '1.9.2',
132 silly addNameRange     '1.9.3',
132 silly addNameRange     '1.10.0' ] ]
133 verbose addNamed [ 'body-parser', '1.10.0' ]
134 verbose addNamed [ '1.10.0', '1.10.0' ]
135 silly lockFile 17c720c0-body-parser-1-10-0 body-parser@1.10.0
136 verbose lock body-parser@1.10.0 /Users/klhdnb/.npm/17c720c0-body-parser-1-10-0.lock
137 silly lockFile 65e17ce9-s-org-express-express-4-10-4-tgz https://registry.npmjs.org/express/-/express-4.10.4.tgz
138 verbose lock https://registry.npmjs.org/express/-/express-4.10.4.tgz /Users/klhdnb/.npm/65e17ce9-s-org-express-express-4-10-4-tgz.lock
139 silly lockFile 85818e41-dy-parser-body-parser-1-10-0-tgz https://registry.npmjs.org/body-parser/-/body-parser-1.10.0.tgz
140 verbose lock https://registry.npmjs.org/body-parser/-/body-parser-1.10.0.tgz /Users/klhdnb/.npm/85818e41-dy-parser-body-parser-1-10-0-tgz.lock
141 verbose addRemoteTarball [ 'https://registry.npmjs.org/express/-/express-4.10.4.tgz',
141 verbose addRemoteTarball   '31aa70acdad6b6093945c30523df8537336deb58' ]
142 verbose addRemoteTarball [ 'https://registry.npmjs.org/body-parser/-/body-parser-1.10.0.tgz',
142 verbose addRemoteTarball   'f884d11839af09e3c61e5011059e29cbfe452085' ]
143 info retry fetch attempt 1 at 18:04:55
144 verbose fetch to= /var/folders/3_/17sgr23145j2mql275z8x2ph0000gn/T/npm-2946-qrxPHBj3/registry.npmjs.org/express/-/express-4.10.4.tgz
145 info retry fetch attempt 1 at 18:04:55
146 verbose fetch to= /var/folders/3_/17sgr23145j2mql275z8x2ph0000gn/T/npm-2946-qrxPHBj3/registry.npmjs.org/body-parser/-/body-parser-1.10.0.tgz
147 http GET https://registry.npmjs.org/express/-/express-4.10.4.tgz
148 http GET https://registry.npmjs.org/body-parser/-/body-parser-1.10.0.tgz
149 http 200 https://registry.npmjs.org/method-override/-/method-override-1.0.2.tgz
150 silly lockFile 746df826-erride-method-override-1-0-2-tgz https://registry.npmjs.org/method-override/-/method-override-1.0.2.tgz
151 silly lockFile 746df826-erride-method-override-1-0-2-tgz https://registry.npmjs.org/method-override/-/method-override-1.0.2.tgz
152 silly lockFile 23338e91-method-override-1-0-2 method-override@1.0.2
153 silly lockFile 23338e91-method-override-1-0-2 method-override@1.0.2
154 silly lockFile 8e11df7c-method-override-1-0-0 method-override@^1.0.0
155 silly lockFile 8e11df7c-method-override-1-0-0 method-override@^1.0.0
156 http 200 https://registry.npmjs.org/express/-/express-4.10.4.tgz
157 http 200 https://registry.npmjs.org/body-parser/-/body-parser-1.10.0.tgz
158 silly lockFile 85818e41-dy-parser-body-parser-1-10-0-tgz https://registry.npmjs.org/body-parser/-/body-parser-1.10.0.tgz
159 silly lockFile 85818e41-dy-parser-body-parser-1-10-0-tgz https://registry.npmjs.org/body-parser/-/body-parser-1.10.0.tgz
160 silly lockFile 17c720c0-body-parser-1-10-0 body-parser@1.10.0
161 silly lockFile 17c720c0-body-parser-1-10-0 body-parser@1.10.0
162 silly lockFile c89604a8-body-parser-1-1-2 body-parser@^1.1.2
163 silly lockFile c89604a8-body-parser-1-1-2 body-parser@^1.1.2
164 silly lockFile 65e17ce9-s-org-express-express-4-10-4-tgz https://registry.npmjs.org/express/-/express-4.10.4.tgz
165 silly lockFile 65e17ce9-s-org-express-express-4-10-4-tgz https://registry.npmjs.org/express/-/express-4.10.4.tgz
166 silly lockFile c05f2c08-express-4-10-4 express@4.10.4
167 silly lockFile c05f2c08-express-4-10-4 express@4.10.4
168 silly lockFile bfa28d4a-express-4-1-2 express@^4.1.2
169 silly lockFile bfa28d4a-express-4-1-2 express@^4.1.2
170 error Error: EACCES, mkdir '/Users/klhdnb/.npm/errorhandler/1.3.0'
170 error  { [Error: EACCES, mkdir '/Users/klhdnb/.npm/errorhandler/1.3.0']
170 error   errno: 3,
170 error   code: 'EACCES',
170 error   path: '/Users/klhdnb/.npm/errorhandler/1.3.0',
170 error   parent: 'simple-express-static-server' }
171 error Please try running this command again as root/Administrator.
172 error System Darwin 13.4.0
173 error command "node" "/usr/local/bin/npm" "install"
174 error cwd /Users/klhdnb/Webstuff/entoto-arch
175 error node -v v0.10.32
176 error npm -v 1.4.28
177 error path /Users/klhdnb/.npm/errorhandler/1.3.0
178 error code EACCES
179 error errno 3
180 error stack Error: EACCES, mkdir '/Users/klhdnb/.npm/errorhandler/1.3.0'
181 verbose exit [ 3, true ]
